Change Component Footprint: Designator=B1 Old Footprint=JST-B2B-PH-K-S_V New Footprint=JST-S2B-PH-K-S_V
Change Component Footprint: Designator=B2 Old Footprint=JST-B2B-PH-K-S_V New Footprint=JST-S2B-PH-K-S_V
Change Component Comment : Designator=B1 Old Comment=B2B-PH-K-S(LF)(SN) New Comment=S2B-PH-K-S(LF)(SN)
Change Component Comment : Designator=B2 Old Comment=B2B-PH-K-S(LF)(SN) New Comment=S2B-PH-K-S(LF)(SN)
Change Managed Component Library Link : Designator=B1 Old VaultGUID=B7D15EC3-160A-466F-A46C-7801FE6295A7 New VaultGUID=B7D15EC3-160A-466F-A46C-7801FE6295A7 Old ItemGUID=FD174A37-B421-4486-9338-F5547CC76FC8 New ItemGUID=9A8D2EAC-1B23-4F82-92C2-EA66795D6019 Old RevisionGUID=EFBB6044-7C73-413E-B65B-D511BE090736 New RevisionGUID=D59909AA-F2FB-4123-B2B1-E8CC848D86AD
Change Managed Component Library Link : Designator=B2 Old VaultGUID=B7D15EC3-160A-466F-A46C-7801FE6295A7 New VaultGUID=B7D15EC3-160A-466F-A46C-7801FE6295A7 Old ItemGUID=FD174A37-B421-4486-9338-F5547CC76FC8 New ItemGUID=9A8D2EAC-1B23-4F82-92C2-EA66795D6019 Old RevisionGUID=EFBB6044-7C73-413E-B65B-D511BE090736 New RevisionGUID=D59909AA-F2FB-4123-B2B1-E8CC848D86AD
Change component parameters: Designator = "B1" ("B1"); Footprint = "JST-B2B-PH-K-S_V"; UniqueID = "\RHBSCVDA" ("\RHBSCVDA")
Change component parameters (AddParameter): Name = "Capacitance"; Value = "10 uF"; VariantName = "[No Variations]"
Change component parameters (AddParameter): Name = "Case\Package"; Value = "Radial"; VariantName = "[No Variations]"
Change component parameters (AddParameter): Name = "ComponentLink1Description"; Value = "Datasheet"; VariantName = "[No Variations]"
Change component parameters (AddParameter): Name = "ComponentLink1URL"; Value = "http://www.jst-mfg.com/product/pdf/eng/ePH.pdf"; VariantName = "[No Variations]"
Change component parameters (AddParameter): Name = "DatasheetVersion"; Value = "Dec-12"; VariantName = "[No Variations]"
Change component parameters (AddParameter): Name = "Diameter"; Value = "5 mm"; VariantName = "[No Variations]"
Change component parameters (AddParameter): Name = "Height"; Value = "11 mm"; VariantName = "[No Variations]"
Change component parameters (AddParameter): Name = "Lead Pitch"; Value = "2 mm"; VariantName = "[No Variations]"
Change component parameters (AddParameter): Name = "Length"; Value = "11 mm"; VariantName = "[No Variations]"
Change component parameters (AddParameter): Name = "Max Operating Temperature"; Value = "85 degC"; VariantName = "[No Variations]"
Change component parameters (AddParameter): Name = "Min Operating Temperature"; Value = "-40 degC"; VariantName = "[No Variations]"
Change component parameters (AddParameter): Name = "Mount"; Value = "Through Hole"; VariantName = "[No Variations]"
Change component parameters (AddParameter): Name = "Package Quantity"; Value = "200"; VariantName = "[No Variations]"
Change component parameters (AddParameter): Name = "PackageDescription"; Value = "Male Header, Pitch 2 mm, 1 x 2 Position, Height 4.8 mm, Tail Length 3.4 mm"; VariantName = "[No Variations]"
Change component parameters (AddParameter): Name = "PackageReference"; Value = "S2B-PH-K-S"; VariantName = "[No Variations]"
Change component parameters (AddParameter): Name = "Packaging"; Value = "Bulk"; VariantName = "[No Variations]"
Change component parameters (AddParameter): Name = "Pins"; Value = "2"; VariantName = "[No Variations]"
Change component parameters (AddParameter): Name = "Radiation Hardening"; Value = "No"; VariantName = "[No Variations]"
Change component parameters (AddParameter): Name = "REACH SVHC"; Value = "No SVHC"; VariantName = "[No Variations]"
Change component parameters (AddParameter): Name = "RoHSCompliant"; Value = "true"; VariantName = "[No Variations]"
Change component parameters (AddParameter): Name = "Tolerance"; Value = "20%"; VariantName = "[No Variations]"
Change component parameters (AddParameter): Name = "Voltage Rating"; Value = "50 V"; VariantName = "[No Variations]"
Change component parameters (AddParameter): Name = "Voltage Rating (DC)"; Value = "50 V"; VariantName = "[No Variations]"
Change component parameters: Designator = "B2" ("B2"); Footprint = "JST-B2B-PH-K-S_V"; UniqueID = "\OARLTXUZ" ("\OARLTXUZ")
Change component parameters (AddParameter): Name = "Capacitance"; Value = "10 uF"; VariantName = "[No Variations]"
Change component parameters (AddParameter): Name = "Case\Package"; Value = "Radial"; VariantName = "[No Variations]"
Change component parameters (AddParameter): Name = "ComponentLink1Description"; Value = "Datasheet"; VariantName = "[No Variations]"
Change component parameters (AddParameter): Name = "ComponentLink1URL"; Value = "http://www.jst-mfg.com/product/pdf/eng/ePH.pdf"; VariantName = "[No Variations]"
Change component parameters (AddParameter): Name = "DatasheetVersion"; Value = "Dec-12"; VariantName = "[No Variations]"
Change component parameters (AddParameter): Name = "Diameter"; Value = "5 mm"; VariantName = "[No Variations]"
Change component parameters (AddParameter): Name = "Height"; Value = "11 mm"; VariantName = "[No Variations]"
Change component parameters (AddParameter): Name = "Lead Pitch"; Value = "2 mm"; VariantName = "[No Variations]"
Change component parameters (AddParameter): Name = "Length"; Value = "11 mm"; VariantName = "[No Variations]"
Change component parameters (AddParameter): Name = "Max Operating Temperature"; Value = "85 degC"; VariantName = "[No Variations]"
Change component parameters (AddParameter): Name = "Min Operating Temperature"; Value = "-40 degC"; VariantName = "[No Variations]"
Change component parameters (AddParameter): Name = "Mount"; Value = "Through Hole"; VariantName = "[No Variations]"
Change component parameters (AddParameter): Name = "Package Quantity"; Value = "200"; VariantName = "[No Variations]"
Change component parameters (AddParameter): Name = "PackageDescription"; Value = "Male Header, Pitch 2 mm, 1 x 2 Position, Height 4.8 mm, Tail Length 3.4 mm"; VariantName = "[No Variations]"
Change component parameters (AddParameter): Name = "PackageReference"; Value = "S2B-PH-K-S"; VariantName = "[No Variations]"
Change component parameters (AddParameter): Name = "Packaging"; Value = "Bulk"; VariantName = "[No Variations]"
Change component parameters (AddParameter): Name = "Pins"; Value = "2"; VariantName = "[No Variations]"
Change component parameters (AddParameter): Name = "Radiation Hardening"; Value = "No"; VariantName = "[No Variations]"
Change component parameters (AddParameter): Name = "REACH SVHC"; Value = "No SVHC"; VariantName = "[No Variations]"
Change component parameters (AddParameter): Name = "RoHSCompliant"; Value = "true"; VariantName = "[No Variations]"
Change component parameters (AddParameter): Name = "Tolerance"; Value = "20%"; VariantName = "[No Variations]"
Change component parameters (AddParameter): Name = "Voltage Rating"; Value = "50 V"; VariantName = "[No Variations]"
Change component parameters (AddParameter): Name = "Voltage Rating (DC)"; Value = "50 V"; VariantName = "[No Variations]"
